<?xml version="1.0" encoding="UTF-8"?>
<!-- Generated by org.testng.reporters.JUnitReportReporter -->
<testsuite hostname="DESKTOP-MMFBV0H" failures="0" tests="2" name="mobileWorld.Login" time="15.343" errors="0" timestamp="2022-06-17T06:15:16 IST" skipped="0">
  <testcase classname="mobileWorld.Login" name="Sigup_for_mobiles" time="5.818"/>
  <system-out/>
  <testcase classname="mobileWorld.Login" name="Lanching_the_Browser" time="9.525"/>
  <system-out/>
</testsuite> <!-- mobileWorld.Login -->
