<?xml version="1.0" encoding="UTF-8"?>
<!-- Generated by org.testng.reporters.JUnitReportReporter -->
<testsuite hostname="DESKTOP-MMFBV0H" failures="0" tests="2" name="mobileWorld.contact" time="19.019" errors="0" timestamp="2022-06-17T06:18:22 IST" skipped="0">
  <testcase classname="mobileWorld.contact" name="Lanching_the_Browser" time="12.607"/>
  <system-out/>
  <testcase classname="mobileWorld.contact" name="contactUs" time="6.412"/>
  <system-out/>
</testsuite> <!-- mobileWorld.contact -->
