<?xml version="1.0" encoding="UTF-8"?>
<!-- Generated by org.testng.reporters.JUnitReportReporter -->
<testsuite hostname="DESKTOP-MMFBV0H" failures="0" tests="3" name="mobileWorld.Search" time="16.883" errors="0" timestamp="2022-06-17T06:12:07 IST" skipped="0">
  <testcase classname="mobileWorld.Search" name="Lanching_the_Browser" time="6.680"/>
  <system-out/>
  <testcase classname="mobileWorld.Search" name="search" time="3.845"/>
  <system-out/>
  <testcase classname="mobileWorld.Search" name="Order" time="6.358"/>
  <system-out/>
</testsuite> <!-- mobileWorld.Search -->
