<?xml version="1.0" encoding="UTF-8"?>
<!-- Generated by org.testng.reporters.JUnitReportReporter -->
<testsuite hostname="DESKTOP-MMFBV0H" failures="0" tests="1" name="mobileWorld.TestSignup" time="14.035" errors="0" timestamp="2022-06-16T22:28:04 IST" skipped="0">
  <testcase classname="mobileWorld.TestSignup" name="Verify_Signup" time="14.035"/>
  <system-out/>
</testsuite> <!-- mobileWorld.TestSignup -->
