<?xml version="1.0" encoding="UTF-8"?>
<!-- Generated by org.testng.reporters.JUnitReportReporter -->
<testsuite hostname="DESKTOP-MMFBV0H" failures="0" tests="1" name="mobileWorld.Launch" time="6.641" errors="0" timestamp="2022-06-17T06:15:16 IST" skipped="0">
  <testcase classname="mobileWorld.Launch" name="Lanching_the_Browser" time="6.641"/>
  <system-out/>
</testsuite> <!-- mobileWorld.Launch -->
